2025-03-07 15:43:46.636 [main] INFO  com.example.blog.BlogApplication - Starting BlogApplication using Java 21.0.6 with PID 42448 (D:\文件\MyBlog\DanselaBack\target\classes started by 17804 in D:\文件\MyBlog\DanselaBack)
2025-03-07 15:43:46.637 [main] INFO  com.example.blog.BlogApplication - No active profile set, falling back to 1 default profile: "default"
2025-03-07 15:43:47.028 [main] INFO  o.s.d.r.c.RepositoryConfigurationDelegate - Bootstrapping Spring Data JPA repositories in DEFAULT mode.
2025-03-07 15:43:47.082 [main] INFO  o.s.d.r.c.RepositoryConfigurationDelegate - Finished Spring Data repository scanning in 49 ms. Found 5 JPA repository interfaces.
2025-03-07 15:43:47.551 [main] INFO  o.s.b.w.e.tomcat.TomcatWebServer - Tomcat initialized with port(s): 8088 (http)
2025-03-07 15:43:47.560 [main] INFO  o.a.coyote.http11.Http11NioProtocol - Initializing ProtocolHandler ["http-nio-8088"]
2025-03-07 15:43:47.563 [main] INFO  o.a.catalina.core.StandardService - Starting service [Tomcat]
2025-03-07 15:43:47.563 [main] INFO  o.a.catalina.core.StandardEngine - Starting Servlet engine: [Apache Tomcat/10.1.15]
2025-03-07 15:43:47.634 [main] INFO  o.a.c.c.C.[Tomcat].[localhost].[/] - Initializing Spring embedded WebApplicationContext
2025-03-07 15:43:47.635 [main] INFO  o.s.b.w.s.c.ServletWebServerApplicationContext - Root WebApplicationContext: initialization completed in 965 ms
2025-03-07 15:43:47.805 [main] INFO  o.h.jpa.internal.util.LogHelper - HHH000204: Processing PersistenceUnitInfo [name: default]
2025-03-07 15:43:47.834 [main] INFO  org.hibernate.Version - HHH000412: Hibernate ORM core version 6.2.13.Final
2025-03-07 15:43:47.835 [main] INFO  org.hibernate.cfg.Environment - HHH000406: Using bytecode reflection optimizer
2025-03-07 15:43:48.019 [main] INFO  o.s.o.j.p.SpringPersistenceUnitInfo - No LoadTimeWeaver setup: ignoring JPA class transformer
2025-03-07 15:43:48.033 [main] INFO  com.zaxxer.hikari.HikariDataSource - HikariPool-1 - Starting...
2025-03-07 15:43:48.115 [main] INFO  com.zaxxer.hikari.pool.HikariPool - HikariPool-1 - Added connection com.mysql.cj.jdbc.ConnectionImpl@3cf4dec7
2025-03-07 15:43:48.116 [main] INFO  com.zaxxer.hikari.HikariDataSource - HikariPool-1 - Start completed.
2025-03-07 15:43:48.142 [main] WARN  org.hibernate.orm.deprecation - HHH90000025: MySQLDialect does not need to be specified explicitly using 'hibernate.dialect' (remove the property setting and it will be selected by default)
2025-03-07 15:43:48.635 [main] INFO  o.h.e.t.j.p.i.JtaPlatformInitiator - HHH000489: No JTA platform available (set 'hibernate.transaction.jta.platform' to enable JTA platform integration)
2025-03-07 15:43:48.680 [main] INFO  o.s.o.j.LocalContainerEntityManagerFactoryBean - Initialized JPA EntityManagerFactory for persistence unit 'default'
2025-03-07 15:43:48.937 [main] INFO  c.e.b.service.SensitiveWordService - 已加载自定义敏感词 38 个
2025-03-07 15:43:49.096 [main] INFO  c.e.b.service.SensitiveWordService - 敏感词过滤服务初始化完成
2025-03-07 15:43:49.198 [main] WARN  o.s.b.a.o.j.JpaBaseConfiguration$JpaWebConfiguration - spring.jpa.open-in-view is enabled by default. Therefore, database queries may be performed during view rendering. Explicitly configure spring.jpa.open-in-view to disable this warning
2025-03-07 15:43:49.216 [main] WARN  o.s.b.a.s.s.UserDetailsServiceAutoConfiguration - 

Using generated security password: a8346b5f-8847-4136-9794-f2d24f8af194

This generated password is for development use only. Your security configuration must be updated before running your application in production.

2025-03-07 15:43:49.330 [main] INFO  c.example.blog.config.SecurityConfig - 正在配置安全过滤链...
2025-03-07 15:43:49.331 [main] INFO  c.example.blog.config.SecurityConfig - 配置CORS...
2025-03-07 15:43:49.339 [main] INFO  c.example.blog.config.SecurityConfig - 禁用CSRF保护...
2025-03-07 15:43:49.341 [main] INFO  c.example.blog.config.SecurityConfig - 配置URL访问权限...
2025-03-07 15:43:49.342 [main] INFO  c.example.blog.config.SecurityConfig - 设置以下路径允许匿名访问: /api/auth/*, /api/friend-links/*
2025-03-07 15:43:49.463 [main] INFO  c.example.blog.config.SecurityConfig - 配置异常处理...
2025-03-07 15:43:49.464 [main] INFO  c.example.blog.config.SecurityConfig - 配置会话管理为无状态...
2025-03-07 15:43:49.465 [main] INFO  c.example.blog.config.SecurityConfig - 安全过滤链配置完成
2025-03-07 15:43:49.481 [main] INFO  o.s.s.web.DefaultSecurityFilterChain - Will secure any request with [org.springframework.security.web.session.DisableEncodeUrlFilter@18f1a81a, org.springframework.security.web.context.request.async.WebAsyncManagerIntegrationFilter@73ba3c4b, org.springframework.security.web.context.SecurityContextHolderFilter@389fad5b, org.springframework.security.web.header.HeaderWriterFilter@2f1b8770, org.springframework.web.filter.CorsFilter@304933cb, org.springframework.security.web.authentication.logout.LogoutFilter@60be9fdf, com.example.blog.config.JwtAuthenticationFilter@7a4199e5, org.springframework.security.web.savedrequest.RequestCacheAwareFilter@285b63eb, org.springframework.security.web.servletapi.SecurityContextHolderAwareRequestFilter@1fa8a4f7, org.springframework.security.web.authentication.AnonymousAuthenticationFilter@6fe55fcf, org.springframework.security.web.session.SessionManagementFilter@c8d20bb, org.springframework.security.web.access.ExceptionTranslationFilter@a904e64, org.springframework.security.web.access.intercept.AuthorizationFilter@309b6768]
2025-03-07 15:43:49.567 [main] INFO  o.a.coyote.http11.Http11NioProtocol - Starting ProtocolHandler ["http-nio-8088"]
2025-03-07 15:43:49.578 [main] INFO  o.s.b.w.e.tomcat.TomcatWebServer - Tomcat started on port(s): 8088 (http) with context path ''
2025-03-07 15:43:49.582 [main] INFO  com.example.blog.BlogApplication - Started BlogApplication in 3.309 seconds (process running for 3.501)
2025-03-07 15:44:08.407 [http-nio-8088-exec-1] INFO  o.a.c.c.C.[Tomcat].[localhost].[/] - Initializing Spring DispatcherServlet 'dispatcherServlet'
2025-03-07 15:44:08.408 [http-nio-8088-exec-1] INFO  o.s.web.servlet.DispatcherServlet - Initializing Servlet 'dispatcherServlet'
2025-03-07 15:44:08.408 [http-nio-8088-exec-1] INFO  o.s.web.servlet.DispatcherServlet - Completed initialization in 0 ms
2025-03-07 15:44:08.487 [http-nio-8088-exec-1] WARN  c.e.blog.service.BulletChatService - 弹幕内容包含敏感词，原内容：这是一条测试弹幕，包含敏感词：毛泽东，过滤后：这是一条测试弹幕，包含敏感词：***
2025-03-07 15:44:08.488 [http-nio-8088-exec-1] INFO  c.e.blog.service.BulletChatService - 正在保存新弹幕: 这是一条测试弹幕，包含敏感词：***
2025-03-07 15:44:08.526 [http-nio-8088-exec-1] INFO  c.e.b.c.BulletChatController - 成功创建弹幕，ID：15
2025-03-07 15:45:35.097 [main] INFO  com.example.blog.BlogApplication - Starting BlogApplication using Java 21.0.6 with PID 1008 (D:\文件\MyBlog\DanselaBack\target\classes started by 17804 in D:\文件\MyBlog\DanselaBack)
2025-03-07 15:45:35.099 [main] INFO  com.example.blog.BlogApplication - No active profile set, falling back to 1 default profile: "default"
2025-03-07 15:45:35.473 [main] INFO  o.s.d.r.c.RepositoryConfigurationDelegate - Bootstrapping Spring Data JPA repositories in DEFAULT mode.
2025-03-07 15:45:35.519 [main] INFO  o.s.d.r.c.RepositoryConfigurationDelegate - Finished Spring Data repository scanning in 41 ms. Found 5 JPA repository interfaces.
2025-03-07 15:45:35.978 [main] INFO  o.s.b.w.e.tomcat.TomcatWebServer - Tomcat initialized with port(s): 8088 (http)
2025-03-07 15:45:35.991 [main] INFO  o.a.coyote.http11.Http11NioProtocol - Initializing ProtocolHandler ["http-nio-8088"]
2025-03-07 15:45:35.995 [main] INFO  o.a.catalina.core.StandardService - Starting service [Tomcat]
2025-03-07 15:45:35.996 [main] INFO  o.a.catalina.core.StandardEngine - Starting Servlet engine: [Apache Tomcat/10.1.15]
2025-03-07 15:45:36.088 [main] INFO  o.a.c.c.C.[Tomcat].[localhost].[/] - Initializing Spring embedded WebApplicationContext
2025-03-07 15:45:36.089 [main] INFO  o.s.b.w.s.c.ServletWebServerApplicationContext - Root WebApplicationContext: initialization completed in 960 ms
2025-03-07 15:45:36.231 [main] INFO  o.h.jpa.internal.util.LogHelper - HHH000204: Processing PersistenceUnitInfo [name: default]
2025-03-07 15:45:36.256 [main] INFO  org.hibernate.Version - HHH000412: Hibernate ORM core version 6.2.13.Final
2025-03-07 15:45:36.257 [main] INFO  org.hibernate.cfg.Environment - HHH000406: Using bytecode reflection optimizer
2025-03-07 15:45:36.405 [main] INFO  o.s.o.j.p.SpringPersistenceUnitInfo - No LoadTimeWeaver setup: ignoring JPA class transformer
2025-03-07 15:45:36.417 [main] INFO  com.zaxxer.hikari.HikariDataSource - HikariPool-1 - Starting...
2025-03-07 15:45:36.499 [main] INFO  com.zaxxer.hikari.pool.HikariPool - HikariPool-1 - Added connection com.mysql.cj.jdbc.ConnectionImpl@7bc2bb58
2025-03-07 15:45:36.500 [main] INFO  com.zaxxer.hikari.HikariDataSource - HikariPool-1 - Start completed.
2025-03-07 15:45:36.526 [main] WARN  org.hibernate.orm.deprecation - HHH90000025: MySQLDialect does not need to be specified explicitly using 'hibernate.dialect' (remove the property setting and it will be selected by default)
2025-03-07 15:45:37.011 [main] INFO  o.h.e.t.j.p.i.JtaPlatformInitiator - HHH000489: No JTA platform available (set 'hibernate.transaction.jta.platform' to enable JTA platform integration)
2025-03-07 15:45:37.051 [main] INFO  o.s.o.j.LocalContainerEntityManagerFactoryBean - Initialized JPA EntityManagerFactory for persistence unit 'default'
2025-03-07 15:45:37.284 [main] INFO  c.e.b.service.SensitiveWordService - 已加载自定义敏感词 38 个
2025-03-07 15:45:37.454 [main] INFO  c.e.b.service.SensitiveWordService - 敏感词过滤服务初始化完成
2025-03-07 15:45:37.566 [main] WARN  o.s.b.a.o.j.JpaBaseConfiguration$JpaWebConfiguration - spring.jpa.open-in-view is enabled by default. Therefore, database queries may be performed during view rendering. Explicitly configure spring.jpa.open-in-view to disable this warning
2025-03-07 15:45:37.586 [main] WARN  o.s.b.a.s.s.UserDetailsServiceAutoConfiguration - 

Using generated security password: bd5fdadf-d51e-44cf-9740-81e8fdf87260

This generated password is for development use only. Your security configuration must be updated before running your application in production.

2025-03-07 15:45:37.685 [main] INFO  c.example.blog.config.SecurityConfig - 正在配置安全过滤链...
2025-03-07 15:45:37.687 [main] INFO  c.example.blog.config.SecurityConfig - 配置CORS...
2025-03-07 15:45:37.693 [main] INFO  c.example.blog.config.SecurityConfig - 禁用CSRF保护...
2025-03-07 15:45:37.697 [main] INFO  c.example.blog.config.SecurityConfig - 配置URL访问权限...
2025-03-07 15:45:37.697 [main] INFO  c.example.blog.config.SecurityConfig - 设置以下路径允许匿名访问: /api/auth/*, /api/friend-links/*
2025-03-07 15:45:37.819 [main] INFO  c.example.blog.config.SecurityConfig - 配置异常处理...
2025-03-07 15:45:37.821 [main] INFO  c.example.blog.config.SecurityConfig - 配置会话管理为无状态...
2025-03-07 15:45:37.823 [main] INFO  c.example.blog.config.SecurityConfig - 安全过滤链配置完成
2025-03-07 15:45:37.841 [main] INFO  o.s.s.web.DefaultSecurityFilterChain - Will secure any request with [org.springframework.security.web.session.DisableEncodeUrlFilter@4a9d6eb9, org.springframework.security.web.context.request.async.WebAsyncManagerIntegrationFilter@157a2c86, org.springframework.security.web.context.SecurityContextHolderFilter@6a2b6031, org.springframework.security.web.header.HeaderWriterFilter@5d72da0b, org.springframework.web.filter.CorsFilter@5b9c74a, org.springframework.security.web.authentication.logout.LogoutFilter@6fe55fcf, com.example.blog.config.JwtAuthenticationFilter@5b395ee, org.springframework.security.web.savedrequest.RequestCacheAwareFilter@546ca9da, org.springframework.security.web.servletapi.SecurityContextHolderAwareRequestFilter@14e54a35, org.springframework.security.web.authentication.AnonymousAuthenticationFilter@24facb47, org.springframework.security.web.session.SessionManagementFilter@2c3d1214, org.springframework.security.web.access.ExceptionTranslationFilter@59f56892, org.springframework.security.web.access.intercept.AuthorizationFilter@7fe40b9f]
2025-03-07 15:45:37.936 [main] INFO  o.a.coyote.http11.Http11NioProtocol - Starting ProtocolHandler ["http-nio-8088"]
2025-03-07 15:45:37.939 [main] WARN  o.s.b.w.s.c.AnnotationConfigServletWebServerApplicationContext - Exception encountered during context initialization - cancelling refresh attempt: org.springframework.context.ApplicationContextException: Failed to start bean 'webServerStartStop'
2025-03-07 15:45:37.940 [main] INFO  o.s.o.j.LocalContainerEntityManagerFactoryBean - Closing JPA EntityManagerFactory for persistence unit 'default'
2025-03-07 15:45:37.941 [main] INFO  com.zaxxer.hikari.HikariDataSource - HikariPool-1 - Shutdown initiated...
2025-03-07 15:45:37.948 [main] INFO  com.zaxxer.hikari.HikariDataSource - HikariPool-1 - Shutdown completed.
2025-03-07 15:45:37.950 [main] INFO  o.a.coyote.http11.Http11NioProtocol - Pausing ProtocolHandler ["http-nio-8088"]
2025-03-07 15:45:37.950 [main] INFO  o.a.catalina.core.StandardService - Stopping service [Tomcat]
2025-03-07 15:45:37.955 [main] INFO  o.a.coyote.http11.Http11NioProtocol - Stopping ProtocolHandler ["http-nio-8088"]
2025-03-07 15:45:37.956 [main] INFO  o.a.coyote.http11.Http11NioProtocol - Destroying ProtocolHandler ["http-nio-8088"]
2025-03-07 15:45:37.960 [main] INFO  o.s.b.a.l.ConditionEvaluationReportLogger - 

Error starting ApplicationContext. To display the condition evaluation report re-run your application with 'debug' enabled.
2025-03-07 15:45:37.971 [main] ERROR o.s.b.d.LoggingFailureAnalysisReporter - 

***************************
APPLICATION FAILED TO START
***************************

Description:

Web server failed to start. Port 8088 was already in use.

Action:

Identify and stop the process that's listening on port 8088 or configure this application to listen on another port.

2025-03-07 15:46:02.754 [main] INFO  com.example.blog.BlogApplication - Starting BlogApplication using Java 21.0.6 with PID 26820 (D:\文件\MyBlog\DanselaBack\target\classes started by 17804 in D:\文件\MyBlog\DanselaBack)
2025-03-07 15:46:02.755 [main] INFO  com.example.blog.BlogApplication - No active profile set, falling back to 1 default profile: "default"
2025-03-07 15:46:03.121 [main] INFO  o.s.d.r.c.RepositoryConfigurationDelegate - Bootstrapping Spring Data JPA repositories in DEFAULT mode.
2025-03-07 15:46:03.174 [main] INFO  o.s.d.r.c.RepositoryConfigurationDelegate - Finished Spring Data repository scanning in 47 ms. Found 5 JPA repository interfaces.
2025-03-07 15:46:03.625 [main] INFO  o.s.b.w.e.tomcat.TomcatWebServer - Tomcat initialized with port(s): 8088 (http)
2025-03-07 15:46:03.636 [main] INFO  o.a.coyote.http11.Http11NioProtocol - Initializing ProtocolHandler ["http-nio-8088"]
2025-03-07 15:46:03.641 [main] INFO  o.a.catalina.core.StandardService - Starting service [Tomcat]
2025-03-07 15:46:03.642 [main] INFO  o.a.catalina.core.StandardEngine - Starting Servlet engine: [Apache Tomcat/10.1.15]
2025-03-07 15:46:03.721 [main] INFO  o.a.c.c.C.[Tomcat].[localhost].[/] - Initializing Spring embedded WebApplicationContext
2025-03-07 15:46:03.723 [main] INFO  o.s.b.w.s.c.ServletWebServerApplicationContext - Root WebApplicationContext: initialization completed in 934 ms
2025-03-07 15:46:03.863 [main] INFO  o.h.jpa.internal.util.LogHelper - HHH000204: Processing PersistenceUnitInfo [name: default]
2025-03-07 15:46:03.887 [main] INFO  org.hibernate.Version - HHH000412: Hibernate ORM core version 6.2.13.Final
2025-03-07 15:46:03.888 [main] INFO  org.hibernate.cfg.Environment - HHH000406: Using bytecode reflection optimizer
2025-03-07 15:46:04.037 [main] INFO  o.s.o.j.p.SpringPersistenceUnitInfo - No LoadTimeWeaver setup: ignoring JPA class transformer
2025-03-07 15:46:04.050 [main] INFO  com.zaxxer.hikari.HikariDataSource - HikariPool-1 - Starting...
2025-03-07 15:46:04.135 [main] INFO  com.zaxxer.hikari.pool.HikariPool - HikariPool-1 - Added connection com.mysql.cj.jdbc.ConnectionImpl@7bc2bb58
2025-03-07 15:46:04.136 [main] INFO  com.zaxxer.hikari.HikariDataSource - HikariPool-1 - Start completed.
2025-03-07 15:46:04.161 [main] WARN  org.hibernate.orm.deprecation - HHH90000025: MySQLDialect does not need to be specified explicitly using 'hibernate.dialect' (remove the property setting and it will be selected by default)
2025-03-07 15:46:04.659 [main] INFO  o.h.e.t.j.p.i.JtaPlatformInitiator - HHH000489: No JTA platform available (set 'hibernate.transaction.jta.platform' to enable JTA platform integration)
2025-03-07 15:46:04.698 [main] INFO  o.s.o.j.LocalContainerEntityManagerFactoryBean - Initialized JPA EntityManagerFactory for persistence unit 'default'
2025-03-07 15:46:04.931 [main] INFO  c.e.b.service.SensitiveWordService - 已加载自定义敏感词 38 个
2025-03-07 15:46:05.091 [main] INFO  c.e.b.service.SensitiveWordService - 敏感词过滤服务初始化完成
2025-03-07 15:46:05.186 [main] WARN  o.s.b.a.o.j.JpaBaseConfiguration$JpaWebConfiguration - spring.jpa.open-in-view is enabled by default. Therefore, database queries may be performed during view rendering. Explicitly configure spring.jpa.open-in-view to disable this warning
2025-03-07 15:46:05.204 [main] WARN  o.s.b.a.s.s.UserDetailsServiceAutoConfiguration - 

Using generated security password: b9fd5c5d-0ed2-49fd-8870-77d74b18e868

This generated password is for development use only. Your security configuration must be updated before running your application in production.

2025-03-07 15:46:05.308 [main] INFO  c.example.blog.config.SecurityConfig - 正在配置安全过滤链...
2025-03-07 15:46:05.309 [main] INFO  c.example.blog.config.SecurityConfig - 配置CORS...
2025-03-07 15:46:05.322 [main] INFO  c.example.blog.config.SecurityConfig - 禁用CSRF保护...
2025-03-07 15:46:05.325 [main] INFO  c.example.blog.config.SecurityConfig - 配置URL访问权限...
2025-03-07 15:46:05.326 [main] INFO  c.example.blog.config.SecurityConfig - 设置以下路径允许匿名访问: /api/auth/*, /api/friend-links/*
2025-03-07 15:46:05.441 [main] INFO  c.example.blog.config.SecurityConfig - 配置异常处理...
2025-03-07 15:46:05.442 [main] INFO  c.example.blog.config.SecurityConfig - 配置会话管理为无状态...
2025-03-07 15:46:05.443 [main] INFO  c.example.blog.config.SecurityConfig - 安全过滤链配置完成
2025-03-07 15:46:05.462 [main] INFO  o.s.s.web.DefaultSecurityFilterChain - Will secure any request with [org.springframework.security.web.session.DisableEncodeUrlFilter@5b395ee, org.springframework.security.web.context.request.async.WebAsyncManagerIntegrationFilter@24facb47, org.springframework.security.web.context.SecurityContextHolderFilter@257e8c43, org.springframework.security.web.header.HeaderWriterFilter@1fa8a4f7, org.springframework.web.filter.CorsFilter@6020cd42, org.springframework.security.web.authentication.logout.LogoutFilter@42c9f2cd, com.example.blog.config.JwtAuthenticationFilter@2b68c59b, org.springframework.security.web.savedrequest.RequestCacheAwareFilter@298cfe89, org.springframework.security.web.servletapi.SecurityContextHolderAwareRequestFilter@49522bdf, org.springframework.security.web.authentication.AnonymousAuthenticationFilter@326d39fd, org.springframework.security.web.session.SessionManagementFilter@6a2b6031, org.springframework.security.web.access.ExceptionTranslationFilter@285b63eb, org.springframework.security.web.access.intercept.AuthorizationFilter@4a9d6eb9]
2025-03-07 15:46:05.549 [main] INFO  o.a.coyote.http11.Http11NioProtocol - Starting ProtocolHandler ["http-nio-8088"]
2025-03-07 15:46:05.560 [main] INFO  o.s.b.w.e.tomcat.TomcatWebServer - Tomcat started on port(s): 8088 (http) with context path ''
2025-03-07 15:46:05.565 [main] INFO  com.example.blog.BlogApplication - Started BlogApplication in 3.124 seconds (process running for 3.314)
2025-03-07 15:46:15.735 [http-nio-8088-exec-1] INFO  o.a.c.c.C.[Tomcat].[localhost].[/] - Initializing Spring DispatcherServlet 'dispatcherServlet'
2025-03-07 15:46:15.736 [http-nio-8088-exec-1] INFO  o.s.web.servlet.DispatcherServlet - Initializing Servlet 'dispatcherServlet'
2025-03-07 15:46:15.737 [http-nio-8088-exec-1] INFO  o.s.web.servlet.DispatcherServlet - Completed initialization in 1 ms
2025-03-07 15:46:15.825 [http-nio-8088-exec-1] WARN  c.e.blog.service.BulletChatService - 弹幕内容包含敏感词，原内容：这是一条测试弹幕，包含敏感词：毛泽东，过滤后：这是一条测试弹幕，包含敏感词：***
2025-03-07 15:46:15.825 [http-nio-8088-exec-1] INFO  c.e.blog.service.BulletChatService - 正在保存新弹幕: 这是一条测试弹幕，包含敏感词：***
2025-03-07 15:46:15.858 [http-nio-8088-exec-1] INFO  c.e.b.c.BulletChatController - 成功创建弹幕，ID：16
2025-03-07 15:48:00.139 [http-nio-8088-exec-4] WARN  c.e.blog.service.BulletChatService - 弹幕内容包含敏感词，原内容：这是一条测试弹幕，包含敏感词：毛泽东，过滤后：这是一条测试弹幕，包含敏感词：***
2025-03-07 15:48:00.139 [http-nio-8088-exec-4] INFO  c.e.blog.service.BulletChatService - 正在保存新弹幕: 这是一条测试弹幕，包含敏感词：***
2025-03-07 15:48:00.149 [http-nio-8088-exec-4] INFO  c.e.b.c.BulletChatController - 成功创建弹幕，ID：17
2025-03-07 15:48:05.525 [main] INFO  com.example.blog.BlogApplication - Starting BlogApplication using Java 21.0.6 with PID 19124 (D:\文件\MyBlog\DanselaBack\target\classes started by 17804 in D:\文件\MyBlog\DanselaBack)
2025-03-07 15:48:05.526 [main] INFO  com.example.blog.BlogApplication - No active profile set, falling back to 1 default profile: "default"
2025-03-07 15:48:05.907 [main] INFO  o.s.d.r.c.RepositoryConfigurationDelegate - Bootstrapping Spring Data JPA repositories in DEFAULT mode.
2025-03-07 15:48:05.970 [main] INFO  o.s.d.r.c.RepositoryConfigurationDelegate - Finished Spring Data repository scanning in 56 ms. Found 5 JPA repository interfaces.
2025-03-07 15:48:06.426 [main] INFO  o.s.b.w.e.tomcat.TomcatWebServer - Tomcat initialized with port(s): 8088 (http)
2025-03-07 15:48:06.433 [main] INFO  o.a.coyote.http11.Http11NioProtocol - Initializing ProtocolHandler ["http-nio-8088"]
2025-03-07 15:48:06.437 [main] INFO  o.a.catalina.core.StandardService - Starting service [Tomcat]
2025-03-07 15:48:06.438 [main] INFO  o.a.catalina.core.StandardEngine - Starting Servlet engine: [Apache Tomcat/10.1.15]
2025-03-07 15:48:06.511 [main] INFO  o.a.c.c.C.[Tomcat].[localhost].[/] - Initializing Spring embedded WebApplicationContext
2025-03-07 15:48:06.512 [main] INFO  o.s.b.w.s.c.ServletWebServerApplicationContext - Root WebApplicationContext: initialization completed in 954 ms
2025-03-07 15:48:06.659 [main] INFO  o.h.jpa.internal.util.LogHelper - HHH000204: Processing PersistenceUnitInfo [name: default]
2025-03-07 15:48:06.688 [main] INFO  org.hibernate.Version - HHH000412: Hibernate ORM core version 6.2.13.Final
2025-03-07 15:48:06.690 [main] INFO  org.hibernate.cfg.Environment - HHH000406: Using bytecode reflection optimizer
2025-03-07 15:48:06.842 [main] INFO  o.s.o.j.p.SpringPersistenceUnitInfo - No LoadTimeWeaver setup: ignoring JPA class transformer
2025-03-07 15:48:06.854 [main] INFO  com.zaxxer.hikari.HikariDataSource - HikariPool-1 - Starting...
2025-03-07 15:48:06.937 [main] INFO  com.zaxxer.hikari.pool.HikariPool - HikariPool-1 - Added connection com.mysql.cj.jdbc.ConnectionImpl@7bc2bb58
2025-03-07 15:48:06.938 [main] INFO  com.zaxxer.hikari.HikariDataSource - HikariPool-1 - Start completed.
2025-03-07 15:48:06.975 [main] WARN  org.hibernate.orm.deprecation - HHH90000025: MySQLDialect does not need to be specified explicitly using 'hibernate.dialect' (remove the property setting and it will be selected by default)
2025-03-07 15:48:07.475 [main] INFO  o.h.e.t.j.p.i.JtaPlatformInitiator - HHH000489: No JTA platform available (set 'hibernate.transaction.jta.platform' to enable JTA platform integration)
2025-03-07 15:48:07.517 [main] INFO  o.s.o.j.LocalContainerEntityManagerFactoryBean - Initialized JPA EntityManagerFactory for persistence unit 'default'
2025-03-07 15:48:07.920 [main] INFO  c.e.b.service.SensitiveWordService - 敏感词过滤服务初始化完成
2025-03-07 15:48:08.014 [main] WARN  o.s.b.a.o.j.JpaBaseConfiguration$JpaWebConfiguration - spring.jpa.open-in-view is enabled by default. Therefore, database queries may be performed during view rendering. Explicitly configure spring.jpa.open-in-view to disable this warning
2025-03-07 15:48:08.030 [main] WARN  o.s.b.a.s.s.UserDetailsServiceAutoConfiguration - 

Using generated security password: 91e35e81-bb1c-4bf3-b1eb-e6f65822461f

This generated password is for development use only. Your security configuration must be updated before running your application in production.

2025-03-07 15:48:08.109 [main] INFO  c.example.blog.config.SecurityConfig - 正在配置安全过滤链...
2025-03-07 15:48:08.110 [main] INFO  c.example.blog.config.SecurityConfig - 配置CORS...
2025-03-07 15:48:08.119 [main] INFO  c.example.blog.config.SecurityConfig - 禁用CSRF保护...
2025-03-07 15:48:08.121 [main] INFO  c.example.blog.config.SecurityConfig - 配置URL访问权限...
2025-03-07 15:48:08.122 [main] INFO  c.example.blog.config.SecurityConfig - 设置以下路径允许匿名访问: /api/auth/*, /api/friend-links/*
2025-03-07 15:48:08.239 [main] INFO  c.example.blog.config.SecurityConfig - 配置异常处理...
2025-03-07 15:48:08.242 [main] INFO  c.example.blog.config.SecurityConfig - 配置会话管理为无状态...
2025-03-07 15:48:08.244 [main] INFO  c.example.blog.config.SecurityConfig - 安全过滤链配置完成
2025-03-07 15:48:08.267 [main] INFO  o.s.s.web.DefaultSecurityFilterChain - Will secure any request with [org.springframework.security.web.session.DisableEncodeUrlFilter@4a9d6eb9, org.springframework.security.web.context.request.async.WebAsyncManagerIntegrationFilter@157a2c86, org.springframework.security.web.context.SecurityContextHolderFilter@6a2b6031, org.springframework.security.web.header.HeaderWriterFilter@5d72da0b, org.springframework.web.filter.CorsFilter@5b9c74a, org.springframework.security.web.authentication.logout.LogoutFilter@6fe55fcf, com.example.blog.config.JwtAuthenticationFilter@5b395ee, org.springframework.security.web.savedrequest.RequestCacheAwareFilter@546ca9da, org.springframework.security.web.servletapi.SecurityContextHolderAwareRequestFilter@14e54a35, org.springframework.security.web.authentication.AnonymousAuthenticationFilter@24facb47, org.springframework.security.web.session.SessionManagementFilter@2c3d1214, org.springframework.security.web.access.ExceptionTranslationFilter@59f56892, org.springframework.security.web.access.intercept.AuthorizationFilter@7fe40b9f]
2025-03-07 15:48:08.364 [main] INFO  o.a.coyote.http11.Http11NioProtocol - Starting ProtocolHandler ["http-nio-8088"]
2025-03-07 15:48:08.375 [main] INFO  o.s.b.w.e.tomcat.TomcatWebServer - Tomcat started on port(s): 8088 (http) with context path ''
2025-03-07 15:48:08.380 [main] INFO  com.example.blog.BlogApplication - Started BlogApplication in 3.154 seconds (process running for 3.34)
2025-03-07 15:48:11.633 [http-nio-8088-exec-5] INFO  o.a.c.c.C.[Tomcat].[localhost].[/] - Initializing Spring DispatcherServlet 'dispatcherServlet'
2025-03-07 15:48:11.633 [http-nio-8088-exec-5] INFO  o.s.web.servlet.DispatcherServlet - Initializing Servlet 'dispatcherServlet'
2025-03-07 15:48:11.634 [http-nio-8088-exec-5] INFO  o.s.web.servlet.DispatcherServlet - Completed initialization in 1 ms
2025-03-07 15:48:11.722 [http-nio-8088-exec-5] WARN  c.e.blog.service.BulletChatService - 弹幕内容包含敏感词，原内容：这是一条测试弹幕，包含敏感词：毛泽东，过滤后：这是一条测试弹幕，包含敏感词：***
2025-03-07 15:48:11.723 [http-nio-8088-exec-5] INFO  c.e.blog.service.BulletChatService - 正在保存新弹幕: 这是一条测试弹幕，包含敏感词：***
2025-03-07 15:48:12.583 [http-nio-8088-exec-5] INFO  c.e.b.c.BulletChatController - 成功创建弹幕，ID：18
2025-03-07 15:48:31.797 [http-nio-8088-exec-4] WARN  c.e.blog.service.BulletChatService - 弹幕内容包含敏感词，原内容：这是一条测试弹幕，包含敏感词：鸡巴，过滤后：这是一条测试弹幕，包含敏感词：**
2025-03-07 15:48:31.798 [http-nio-8088-exec-4] INFO  c.e.blog.service.BulletChatService - 正在保存新弹幕: 这是一条测试弹幕，包含敏感词：**
2025-03-07 15:48:31.809 [http-nio-8088-exec-4] INFO  c.e.b.c.BulletChatController - 成功创建弹幕，ID：19
